# JRE version: Java(TM) SE Runtime Environment (17.0.3.1+2) (build 17.0.3.1+2-LTS-6)
# Java VM: Java HotSpot(TM) 64-Bit Server VM (17.0.3.1+2-LTS-6, mixed mode, sharing, tiered, compressed oops, compressed class ptrs, g1 gc, windows-amd64)
GC Precious Log:
 CPUs: 4 total, 4 available
 Memory: 8107M
 Large Page Support: Disabled
 NUMA Support: Disabled
 Compressed Oops: Enabled (32-bit)
 Heap Region Size: 1M
 Heap Min Capacity: 256M
 Heap Initial Capacity: 256M
 Heap Max Capacity: 512M
 Pre-touch: Disabled
 Parallel Workers: 4
 Concurrent Workers: 1
 Concurrent Refinement Workers: 4
 Periodic GC: Disabled
Heap:
 garbage-first heap   total 262144K, used 130674K [0x00000000e0000000, 0x0000000100000000)
  region size 1024K, 19 young (19456K), 6 survivors (6144K)
 Metaspace       used 79971K, committed 81024K, reserved 286720K
  class space    used 10206K, committed 10688K, reserved 212992K
GC Heap History (20 events):
Event: 4682.485 GC heap before
{Heap before GC invocations=45 (full 0):
 garbage-first heap   total 262144K, used 222255K [0x00000000e0000000, 0x0000000100000000)
  region size 1024K, 105 young (107520K), 5 survivors (5120K)
 Metaspace       used 77190K, committed 77888K, reserved 286720K
  class space    used 9805K, committed 10112K, reserved 212992K
}
Event: 4682.495 GC heap after
{Heap after GC invocations=46 (full 0):
 garbage-first heap   total 262144K, used 118072K [0x00000000e0000000, 0x0000000100000000)
  region size 1024K, 5 young (5120K), 5 survivors (5120K)
 Metaspace       used 77190K, committed 77888K, reserved 286720K
  class space    used 9805K, committed 10112K, reserved 212992K
}
Event: 4695.361 GC heap before
{Heap before GC invocations=46 (full 0):
 garbage-first heap   total 262144K, used 219448K [0x00000000e0000000, 0x0000000100000000)
  region size 1024K, 105 young (107520K), 5 survivors (5120K)
 Metaspace       used 77196K, committed 77888K, reserved 286720K
  class space    used 9805K, committed 10112K, reserved 212992K
}
Event: 4695.372 GC heap after
{Heap after GC invocations=47 (full 0):
 garbage-first heap   total 262144K, used 119044K [0x00000000e0000000, 0x0000000100000000)
  region size 1024K, 6 young (6144K), 6 survivors (6144K)
 Metaspace       used 77196K, committed 77888K, reserved 286720K
  class space    used 9805K, committed 10112K, reserved 212992K
}
Event: 4840.873 GC heap before
{Heap before GC invocations=47 (full 0):
 garbage-first heap   total 262144K, used 223492K [0x00000000e0000000, 0x0000000100000000)
  region size 1024K, 107 young (109568K), 6 survivors (6144K)
 Metaspace       used 77243K, committed 77952K, reserved 286720K
  class space    used 9806K, committed 10112K, reserved 212992K
}
Event: 4840.881 GC heap after
{Heap after GC invocations=48 (full 0):
 garbage-first heap   total 262144K, used 118036K [0x00000000e0000000, 0x0000000100000000)
  region size 1024K, 5 young (5120K), 5 survivors (5120K)
 Metaspace       used 77243K, committed 77952K, reserved 286720K
  class space    used 9806K, committed 10112K, reserved 212992K
}
Event: 4852.654 GC heap before
{Heap before GC invocations=48 (full 0):
 garbage-first heap   total 262144K, used 220436K [0x00000000e0000000, 0x0000000100000000)
  region size 1024K, 106 young (108544K), 5 survivors (5120K)
 Metaspace       used 77255K, committed 77952K, reserved 286720K
  class space    used 9806K, committed 10112K, reserved 212992K
}
Event: 4852.664 GC heap after
{Heap after GC invocations=49 (full 0):
 garbage-first heap   total 262144K, used 118591K [0x00000000e0000000, 0x0000000100000000)
  region size 1024K, 5 young (5120K), 5 survivors (5120K)
 Metaspace       used 77255K, committed 77952K, reserved 286720K
  class space    used 9806K, committed 10112K, reserved 212992K
}
Event: 5234.379 GC heap before
{Heap before GC invocations=49 (full 0):
 garbage-first heap   total 262144K, used 224063K [0x00000000e0000000, 0x0000000100000000)
  region size 1024K, 107 young (109568K), 5 survivors (5120K)
 Metaspace       used 77295K, committed 78016K, reserved 286720K
  class space    used 9806K, committed 10112K, reserved 212992K
}
Event: 5234.386 GC heap after
{Heap after GC invocations=50 (full 0):
 garbage-first heap   total 262144K, used 115977K [0x00000000e0000000, 0x0000000100000000)
  region size 1024K, 3 young (3072K), 3 survivors (3072K)
 Metaspace       used 77295K, committed 78016K, reserved 286720K
  class space    used 9806K, committed 10112K, reserved 212992K
}
Event: 5237.899 GC heap before
{Heap before GC invocations=50 (full 0):
 garbage-first heap   total 262144K, used 223497K [0x00000000e0000000, 0x0000000100000000)
  region size 1024K, 108 young (110592K), 3 survivors (3072K)
 Metaspace       used 77376K, committed 78080K, reserved 286720K
  class space    used 9811K, committed 10112K, reserved 212992K
}
Event: 5237.913 GC heap after
{Heap after GC invocations=51 (full 0):
 garbage-first heap   total 262144K, used 121005K [0x00000000e0000000, 0x0000000100000000)
  region size 1024K, 8 young (8192K), 8 survivors (8192K)
 Metaspace       used 77376K, committed 78080K, reserved 286720K
  class space    used 9811K, committed 10112K, reserved 212992K
}
Event: 5353.144 GC heap before
{Heap before GC invocations=51 (full 0):
 garbage-first heap   total 262144K, used 222381K [0x00000000e0000000, 0x0000000100000000)
  region size 1024K, 107 young (109568K), 8 survivors (8192K)
 Metaspace       used 79865K, committed 80960K, reserved 286720K
  class space    used 10198K, committed 10688K, reserved 212992K
}
Event: 5353.155 GC heap after
{Heap after GC invocations=52 (full 0):
 garbage-first heap   total 262144K, used 121903K [0x00000000e0000000, 0x0000000100000000)
  region size 1024K, 7 young (7168K), 7 survivors (7168K)
 Metaspace       used 79865K, committed 80960K, reserved 286720K
  class space    used 10198K, committed 10688K, reserved 212992K
}
Event: 5356.673 GC heap before
{Heap before GC invocations=52 (full 0):
 garbage-first heap   total 262144K, used 220207K [0x00000000e0000000, 0x0000000100000000)
  region size 1024K, 104 young (106496K), 7 survivors (7168K)
 Metaspace       used 79897K, committed 81024K, reserved 286720K
  class space    used 10204K, committed 10688K, reserved 212992K
}
Event: 5356.689 GC heap after
{Heap after GC invocations=53 (full 0):
 garbage-first heap   total 262144K, used 119598K [0x00000000e0000000, 0x0000000100000000)
  region size 1024K, 6 young (6144K), 6 survivors (6144K)
 Metaspace       used 79897K, committed 81024K, reserved 286720K
  class space    used 10204K, committed 10688K, reserved 212992K
}
Event: 5822.448 GC heap before
{Heap before GC invocations=53 (full 0):
 garbage-first heap   total 262144K, used 219950K [0x00000000e0000000, 0x0000000100000000)
  region size 1024K, 105 young (107520K), 6 survivors (6144K)
 Metaspace       used 79966K, committed 81024K, reserved 286720K
  class space    used 10205K, committed 10688K, reserved 212992K
}
Event: 5822.462 GC heap after
{Heap after GC invocations=54 (full 0):
 garbage-first heap   total 262144K, used 120398K [0x00000000e0000000, 0x0000000100000000)
  region size 1024K, 7 young (7168K), 7 survivors (7168K)
 Metaspace       used 79966K, committed 81024K, reserved 286720K
  class space    used 10205K, committed 10688K, reserved 212992K
}
Event: 5842.874 GC heap before
{Heap before GC invocations=54 (full 0):
 garbage-first heap   total 262144K, used 219726K [0x00000000e0000000, 0x0000000100000000)
  region size 1024K, 105 young (107520K), 7 survivors (7168K)
 Metaspace       used 79966K, committed 81024K, reserved 286720K
  class space    used 10205K, committed 10688K, reserved 212992K
}
Event: 5842.886 GC heap after
{Heap after GC invocations=55 (full 0):
 garbage-first heap   total 262144K, used 119410K [0x00000000e0000000, 0x0000000100000000)
  region size 1024K, 6 young (6144K), 6 survivors (6144K)
 Metaspace       used 79966K, committed 81024K, reserved 286720K
  class space    used 10205K, committed 10688K, reserved 212992K
}

